12:28:50: Creating resource group General
12:28:50: Creating resource group OgreInternal
12:28:50: Creating resource group OgreAutodetect
12:28:50: Registering ResourceManager for type Mesh
12:28:50: Registering ResourceManager for type Material
12:28:50: Registering ResourceManager for type Skeleton
12:28:50: XMLMeshSerializer reading mesh data from /home/kieran/projects/scene/media/MyCube.mesh.xml...
12:28:50: Reading geometry...
12:28:50: Geometry done...
12:28:50: Reading submeshes...
12:28:50: Submeshes done.
12:28:50: Reading mesh names...
12:28:50: Mesh names done.
12:28:50: XMLMeshSerializer import successful.
12:28:50: MeshSerializer writing mesh data to stream /home/kieran/projects/scene/media/MyCube.mesh...
12:28:50: File header written.
12:28:50: Writing mesh data...
12:28:50: Writing submesh...
12:28:50: Exporting submesh texture aliases...
12:28:50: Submesh texture aliases exported.
12:28:50: Submesh exported.
12:28:50: Exporting bounds information....
12:28:50: Bounds information exported.
12:28:50: Exporting submesh name table...
12:28:50: Submesh name table exported.
12:28:50: Mesh data exported.
12:28:50: MeshSerializer export successful.
12:28:50: Unregistering ResourceManager for type Skeleton
12:28:50: Unregistering ResourceManager for type Material
12:28:50: Unregistering ResourceManager for type Mesh
