16:31:05: Creating resource group General
16:31:05: Creating resource group OgreInternal
16:31:05: Creating resource group OgreAutodetect
16:31:05: Registering ResourceManager for type Mesh
16:31:05: Registering ResourceManager for type Material
16:31:05: Registering ResourceManager for type Skeleton
16:31:05: XMLMeshSerializer reading mesh data from /home/kieran/projects/scene/media/lighter/lighter.mesh.xml...
16:31:05: Reading geometry...
16:31:05: Geometry done...
16:31:05: Reading submeshes...
16:31:05: Submeshes done.
16:31:05: Reading mesh names...
16:31:05: Mesh names done.
16:31:05: XMLMeshSerializer import successful.
16:31:05: MeshSerializer writing mesh data to stream /home/kieran/projects/scene/media/lighter/lighter.mesh...
16:31:05: File header written.
16:31:05: Writing mesh data...
16:31:05: Writing submesh...
16:31:05: Exporting submesh texture aliases...
16:31:05: Submesh texture aliases exported.
16:31:05: Submesh exported.
16:31:05: Writing submesh...
16:31:05: Exporting submesh texture aliases...
16:31:05: Submesh texture aliases exported.
16:31:05: Submesh exported.
16:31:05: Writing submesh...
16:31:05: Exporting submesh texture aliases...
16:31:05: Submesh texture aliases exported.
16:31:05: Submesh exported.
16:31:05: Writing submesh...
16:31:05: Exporting submesh texture aliases...
16:31:05: Submesh texture aliases exported.
16:31:05: Submesh exported.
16:31:05: Writing submesh...
16:31:05: Exporting submesh texture aliases...
16:31:05: Submesh texture aliases exported.
16:31:05: Submesh exported.
16:31:05: Writing submesh...
16:31:05: Exporting submesh texture aliases...
16:31:05: Submesh texture aliases exported.
16:31:05: Submesh exported.
16:31:05: Exporting bounds information....
16:31:05: Bounds information exported.
16:31:05: Exporting submesh name table...
16:31:05: Submesh name table exported.
16:31:05: Mesh data exported.
16:31:05: MeshSerializer export successful.
16:31:05: Unregistering ResourceManager for type Skeleton
16:31:05: Unregistering ResourceManager for type Material
16:31:05: Unregistering ResourceManager for type Mesh
